HTTP/1.1 200 OK
Accept-Ranges: bytes
Content-Length: 615
Content-Type: text/html
Date: Fri, 20 Dec 2024 03:57:27 GMT
Etag: "6745ef54-267"
Last-Modified: Tue, 26 Nov 2024 15:55:00 GMT
Server: nginx/1.27.3

<!DOCTYPE html>
<html>
<head>
<title>Welcome to nginx!</title>
<style>
html { color-scheme: light dark; }
body { width: 35em; margin: 0 auto;
font-family: Tahoma, Verdana, Arial, sans-serif; }
</style>
</head>
<body>
<h1>Welcome to nginx!</h1>
<p>If you see this page, the nginx web server is successfully installed and
working. Further configuration is required.</p>

<p>For online documentation and support please refer to
<a href="http://nginx.org/">nginx.org</a>.<br/>
Commercial support is available at
<a href="http://nginx.com/">nginx.com</a>.</p>

<p><em>Thank you for using nginx.</em></p>
</body>
</html>
